Command line invocation:
    /Applications/Xcode.app/Contents/Developer/usr/bin/xcodebuild -project SwiftTranscriptionSampleApp.xcodeproj -scheme SwiftTranscriptionSampleApp -sdk iphoneos -configuration Debug -allowProvisioningUpdates -allowProvisioningDeviceRegistration "CODE_SIGN_IDENTITY=Apple Development" PROVISIONING_PROFILE_SPECIFIER= DEVELOPMENT_TEAM=C3Y254HR6B build

Build settings from command line:
    CODE_SIGN_IDENTITY = Apple Development
    DEVELOPMENT_TEAM = C3Y254HR6B
    PROVISIONING_PROFILE_SPECIFIER = 
    SDKROOT = iphoneos26.0

note: Using codesigning identity override: Apple Development
ComputePackagePrebuildTargetDependencyGraph

Prepare packages

CreateBuildRequest

SendProjectDescription

CreateBuildOperation

ComputeTargetDependencyGraph
note: Building targets in dependency order
note: Target dependency graph (1 target)
    Target 'SwiftTranscriptionSampleApp' in project 'SwiftTranscriptionSampleApp' (no dependencies)

GatherProvisioningInputs

CreateBuildDescription

ExecuteExternalTool /Applications/Xcode.app/Contents/Developer/Toolchains/XcodeDefault.xctoolchain/usr/bin/clang -v -E -dM -isysroot /Applications/Xcode.app/Contents/Developer/Platforms/MacOSX.platform/Developer/SDKs/MacOSX26.0.sdk -x c -c /dev/null

ExecuteExternalTool /Applications/Xcode.app/Contents/Developer/usr/bin/actool --version --output-format xml1

ExecuteExternalTool /Applications/Xcode.app/Contents/Developer/Toolchains/XcodeDefault.xctoolchain/usr/bin/swiftc --version

ExecuteExternalTool /Applications/Xcode.app/Contents/Developer/Toolchains/XcodeDefault.xctoolchain/usr/bin/ld -version_details

ReadFileContents /Applications/Xcode.app/Contents/Developer/Toolchains/XcodeDefault.xctoolchain/usr/share/docc/features.json

Build description signature: 92d2f92dfb3359d343dbb82383aa7266
Build description path: /Users/leandroalmeida/Library/Developer/Xcode/DerivedData/SwiftTranscriptionSampleApp-crspgurtfqzlqnfnzshbqfekzabt/Build/Intermediates.noindex/XCBuildData/92d2f92dfb3359d343dbb82383aa7266.xcbuilddata
CreateBuildDirectory /Users/leandroalmeida/Library/Developer/Xcode/DerivedData/SwiftTranscriptionSampleApp-crspgurtfqzlqnfnzshbqfekzabt/Build/Products
    cd /Users/leandroalmeida/Marcação_Cirúrgica/SwiftTranscriptionSampleApp.xcodeproj
    builtin-create-build-directory /Users/leandroalmeida/Library/Developer/Xcode/DerivedData/SwiftTranscriptionSampleApp-crspgurtfqzlqnfnzshbqfekzabt/Build/Products

CreateBuildDirectory /Users/leandroalmeida/Library/Developer/Xcode/DerivedData/SwiftTranscriptionSampleApp-crspgurtfqzlqnfnzshbqfekzabt/Build/Intermediates.noindex
    cd /Users/leandroalmeida/Marcação_Cirúrgica/SwiftTranscriptionSampleApp.xcodeproj
    builtin-create-build-directory /Users/leandroalmeida/Library/Developer/Xcode/DerivedData/SwiftTranscriptionSampleApp-crspgurtfqzlqnfnzshbqfekzabt/Build/Intermediates.noindex

ClangStatCache /Applications/Xcode.app/Contents/Developer/Toolchains/XcodeDefault.xctoolchain/usr/bin/clang-stat-cache /Applications/Xcode.app/Contents/Developer/Platforms/MacOSX.platform/Developer/SDKs/MacOSX26.0.sdk /Users/leandroalmeida/Library/Developer/Xcode/DerivedData/SDKStatCaches.noindex/macosx26.0-25A352-3885c01c3e6b6a337905948deab2002e28806144b0707e398aac92880fa50324.sdkstatcache
    cd /Users/leandroalmeida/Marcação_Cirúrgica/SwiftTranscriptionSampleApp.xcodeproj
    /Applications/Xcode.app/Contents/Developer/Toolchains/XcodeDefault.xctoolchain/usr/bin/clang-stat-cache /Applications/Xcode.app/Contents/Developer/Platforms/MacOSX.platform/Developer/SDKs/MacOSX26.0.sdk -o /Users/leandroalmeida/Library/Developer/Xcode/DerivedData/SDKStatCaches.noindex/macosx26.0-25A352-3885c01c3e6b6a337905948deab2002e28806144b0707e398aac92880fa50324.sdkstatcache

CreateBuildDirectory /Users/leandroalmeida/Library/Developer/Xcode/DerivedData/SwiftTranscriptionSampleApp-crspgurtfqzlqnfnzshbqfekzabt/Build/Intermediates.noindex/ExplicitPrecompiledModules
    cd /Users/leandroalmeida/Marcação_Cirúrgica/SwiftTranscriptionSampleApp.xcodeproj
    builtin-create-build-directory /Users/leandroalmeida/Library/Developer/Xcode/DerivedData/SwiftTranscriptionSampleApp-crspgurtfqzlqnfnzshbqfekzabt/Build/Intermediates.noindex/ExplicitPrecompiledModules

CreateBuildDirectory /Users/leandroalmeida/Library/Developer/Xcode/DerivedData/SwiftTranscriptionSampleApp-crspgurtfqzlqnfnzshbqfekzabt/Build/Intermediates.noindex/SwiftExplicitPrecompiledModules
    cd /Users/leandroalmeida/Marcação_Cirúrgica/SwiftTranscriptionSampleApp.xcodeproj
    builtin-create-build-directory /Users/leandroalmeida/Library/Developer/Xcode/DerivedData/SwiftTranscriptionSampleApp-crspgurtfqzlqnfnzshbqfekzabt/Build/Intermediates.noindex/SwiftExplicitPrecompiledModules

WriteAuxiliaryFile /Users/leandroalmeida/Library/Developer/Xcode/DerivedData/SwiftTranscriptionSampleApp-crspgurtfqzlqnfnzshbqfekzabt/Build/Intermediates.noindex/SwiftTranscriptionSampleApp.build/Debug/SwiftTranscriptionSampleApp-477d002e3933ab2f527365e9ce4ecb3b-VFS/all-product-headers.yaml
    cd /Users/leandroalmeida/Marcação_Cirúrgica/SwiftTranscriptionSampleApp.xcodeproj
    write-file /Users/leandroalmeida/Library/Developer/Xcode/DerivedData/SwiftTranscriptionSampleApp-crspgurtfqzlqnfnzshbqfekzabt/Build/Intermediates.noindex/SwiftTranscriptionSampleApp.build/Debug/SwiftTranscriptionSampleApp-477d002e3933ab2f527365e9ce4ecb3b-VFS/all-product-headers.yaml

CreateBuildDirectory /Users/leandroalmeida/Library/Developer/Xcode/DerivedData/SwiftTranscriptionSampleApp-crspgurtfqzlqnfnzshbqfekzabt/Build/Intermediates.noindex/EagerLinkingTBDs/Debug
    cd /Users/leandroalmeida/Marcação_Cirúrgica/SwiftTranscriptionSampleApp.xcodeproj
    builtin-create-build-directory /Users/leandroalmeida/Library/Developer/Xcode/DerivedData/SwiftTranscriptionSampleApp-crspgurtfqzlqnfnzshbqfekzabt/Build/Intermediates.noindex/EagerLinkingTBDs/Debug

CreateBuildDirectory /Users/leandroalmeida/Library/Developer/Xcode/DerivedData/SwiftTranscriptionSampleApp-crspgurtfqzlqnfnzshbqfekzabt/Build/Products/Debug
    cd /Users/leandroalmeida/Marcação_Cirúrgica/SwiftTranscriptionSampleApp.xcodeproj
    builtin-create-build-directory /Users/leandroalmeida/Library/Developer/Xcode/DerivedData/SwiftTranscriptionSampleApp-crspgurtfqzlqnfnzshbqfekzabt/Build/Products/Debug

WriteAuxiliaryFile /Users/leandroalmeida/Library/Developer/Xcode/DerivedData/SwiftTranscriptionSampleApp-crspgurtfqzlqnfnzshbqfekzabt/Build/Intermediates.noindex/SwiftTranscriptionSampleApp.build/Debug/SwiftTranscriptionSampleApp.build/SwiftTranscriptionSampleApp.hmap (in target 'SwiftTranscriptionSampleApp' from project 'SwiftTranscriptionSampleApp')
    cd /Users/leandroalmeida/Marcação_Cirúrgica
    write-file /Users/leandroalmeida/Library/Developer/Xcode/DerivedData/SwiftTranscriptionSampleApp-crspgurtfqzlqnfnzshbqfekzabt/Build/Intermediates.noindex/SwiftTranscriptionSampleApp.build/Debug/SwiftTranscriptionSampleApp.build/SwiftTranscriptionSampleApp.hmap

WriteAuxiliaryFile /Users/leandroalmeida/Library/Developer/Xcode/DerivedData/SwiftTranscriptionSampleApp-crspgurtfqzlqnfnzshbqfekzabt/Build/Intermediates.noindex/SwiftTranscriptionSampleApp.build/Debug/SwiftTranscriptionSampleApp.build/empty-SwiftTranscriptionSampleApp.plist (in target 'SwiftTranscriptionSampleApp' from project 'SwiftTranscriptionSampleApp')
    cd /Users/leandroalmeida/Marcação_Cirúrgica
    write-file /Users/leandroalmeida/Library/Developer/Xcode/DerivedData/SwiftTranscriptionSampleApp-crspgurtfqzlqnfnzshbqfekzabt/Build/Intermediates.noindex/SwiftTranscriptionSampleApp.build/Debug/SwiftTranscriptionSampleApp.build/empty-SwiftTranscriptionSampleApp.plist

WriteAuxiliaryFile /Users/leandroalmeida/Library/Developer/Xcode/DerivedData/SwiftTranscriptionSampleApp-crspgurtfqzlqnfnzshbqfekzabt/Build/Intermediates.noindex/SwiftTranscriptionSampleApp.build/Debug/SwiftTranscriptionSampleApp.build/SwiftTranscriptionSampleApp-generated-files.hmap (in target 'SwiftTranscriptionSampleApp' from project 'SwiftTranscriptionSampleApp')
    cd /Users/leandroalmeida/Marcação_Cirúrgica
    write-file /Users/leandroalmeida/Library/Developer/Xcode/DerivedData/SwiftTranscriptionSampleApp-crspgurtfqzlqnfnzshbqfekzabt/Build/Intermediates.noindex/SwiftTranscriptionSampleApp.build/Debug/SwiftTranscriptionSampleApp.build/SwiftTranscriptionSampleApp-generated-files.hmap

WriteAuxiliaryFile /Users/leandroalmeida/Library/Developer/Xcode/DerivedData/SwiftTranscriptionSampleApp-crspgurtfqzlqnfnzshbqfekzabt/Build/Intermediates.noindex/SwiftTranscriptionSampleApp.build/Debug/SwiftTranscriptionSampleApp.build/SwiftTranscriptionSampleApp-all-target-headers.hmap (in target 'SwiftTranscriptionSampleApp' from project 'SwiftTranscriptionSampleApp')
    cd /Users/leandroalmeida/Marcação_Cirúrgica
    write-file /Users/leandroalmeida/Library/Developer/Xcode/DerivedData/SwiftTranscriptionSampleApp-crspgurtfqzlqnfnzshbqfekzabt/Build/Intermediates.noindex/SwiftTranscriptionSampleApp.build/Debug/SwiftTranscriptionSampleApp.build/SwiftTranscriptionSampleApp-all-target-headers.hmap

WriteAuxiliaryFile /Users/leandroalmeida/Library/Developer/Xcode/DerivedData/SwiftTranscriptionSampleApp-crspgurtfqzlqnfnzshbqfekzabt/Build/Intermediates.noindex/SwiftTranscriptionSampleApp.build/Debug/SwiftTranscriptionSampleApp.build/SwiftTranscriptionSampleApp-own-target-headers.hmap (in target 'SwiftTranscriptionSampleApp' from project 'SwiftTranscriptionSampleApp')
    cd /Users/leandroalmeida/Marcação_Cirúrgica
    write-file /Users/leandroalmeida/Library/Developer/Xcode/DerivedData/SwiftTranscriptionSampleApp-crspgurtfqzlqnfnzshbqfekzabt/Build/Intermediates.noindex/SwiftTranscriptionSampleApp.build/Debug/SwiftTranscriptionSampleApp.build/SwiftTranscriptionSampleApp-own-target-headers.hmap

WriteAuxiliaryFile /Users/leandroalmeida/Library/Developer/Xcode/DerivedData/SwiftTranscriptionSampleApp-crspgurtfqzlqnfnzshbqfekzabt/Build/Intermediates.noindex/SwiftTranscriptionSampleApp.build/Debug/SwiftTranscriptionSampleApp.build/SwiftTranscriptionSampleApp-project-headers.hmap (in target 'SwiftTranscriptionSampleApp' from project 'SwiftTranscriptionSampleApp')
    cd /Users/leandroalmeida/Marcação_Cirúrgica
    write-file /Users/leandroalmeida/Library/Developer/Xcode/DerivedData/SwiftTranscriptionSampleApp-crspgurtfqzlqnfnzshbqfekzabt/Build/Intermediates.noindex/SwiftTranscriptionSampleApp.build/Debug/SwiftTranscriptionSampleApp.build/SwiftTranscriptionSampleApp-project-headers.hmap

WriteAuxiliaryFile /Users/leandroalmeida/Library/Developer/Xcode/DerivedData/SwiftTranscriptionSampleApp-crspgurtfqzlqnfnzshbqfekzabt/Build/Intermediates.noindex/SwiftTranscriptionSampleApp.build/Debug/SwiftTranscriptionSampleApp.build/SwiftTranscriptionSampleApp.DependencyStaticMetadataFileList (in target 'SwiftTranscriptionSampleApp' from project 'SwiftTranscriptionSampleApp')
    cd /Users/leandroalmeida/Marcação_Cirúrgica
    write-file /Users/leandroalmeida/Library/Developer/Xcode/DerivedData/SwiftTranscriptionSampleApp-crspgurtfqzlqnfnzshbqfekzabt/Build/Intermediates.noindex/SwiftTranscriptionSampleApp.build/Debug/SwiftTranscriptionSampleApp.build/SwiftTranscriptionSampleApp.DependencyStaticMetadataFileList

WriteAuxiliaryFile /Users/leandroalmeida/Library/Developer/Xcode/DerivedData/SwiftTranscriptionSampleApp-crspgurtfqzlqnfnzshbqfekzabt/Build/Intermediates.noindex/SwiftTranscriptionSampleApp.build/Debug/SwiftTranscriptionSampleApp.build/SwiftTranscriptionSampleApp.DependencyMetadataFileList (in target 'SwiftTranscriptionSampleApp' from project 'SwiftTranscriptionSampleApp')
    cd /Users/leandroalmeida/Marcação_Cirúrgica
    write-file /Users/leandroalmeida/Library/Developer/Xcode/DerivedData/SwiftTranscriptionSampleApp-crspgurtfqzlqnfnzshbqfekzabt/Build/Intermediates.noindex/SwiftTranscriptionSampleApp.build/Debug/SwiftTranscriptionSampleApp.build/SwiftTranscriptionSampleApp.DependencyMetadataFileList

WriteAuxiliaryFile /Users/leandroalmeida/Library/Developer/Xcode/DerivedData/SwiftTranscriptionSampleApp-crspgurtfqzlqnfnzshbqfekzabt/Build/Intermediates.noindex/SwiftTranscriptionSampleApp.build/Debug/SwiftTranscriptionSampleApp.build/SwiftTranscriptionSampleApp-all-non-framework-target-headers.hmap (in target 'SwiftTranscriptionSampleApp' from project 'SwiftTranscriptionSampleApp')
    cd /Users/leandroalmeida/Marcação_Cirúrgica
    write-file /Users/leandroalmeida/Library/Developer/Xcode/DerivedData/SwiftTranscriptionSampleApp-crspgurtfqzlqnfnzshbqfekzabt/Build/Intermediates.noindex/SwiftTranscriptionSampleApp.build/Debug/SwiftTranscriptionSampleApp.build/SwiftTranscriptionSampleApp-all-non-framework-target-headers.hmap

WriteAuxiliaryFile /Users/leandroalmeida/Library/Developer/Xcode/DerivedData/SwiftTranscriptionSampleApp-crspgurtfqzlqnfnzshbqfekzabt/Build/Intermediates.noindex/SwiftTranscriptionSampleApp.build/Debug/SwiftTranscriptionSampleApp.build/SwiftTranscriptionSampleApp-DebugDylibPath-normal-arm64.txt (in target 'SwiftTranscriptionSampleApp' from project 'SwiftTranscriptionSampleApp')
    cd /Users/leandroalmeida/Marcação_Cirúrgica
    write-file /Users/leandroalmeida/Library/Developer/Xcode/DerivedData/SwiftTranscriptionSampleApp-crspgurtfqzlqnfnzshbqfekzabt/Build/Intermediates.noindex/SwiftTranscriptionSampleApp.build/Debug/SwiftTranscriptionSampleApp.build/SwiftTranscriptionSampleApp-DebugDylibPath-normal-arm64.txt

WriteAuxiliaryFile /Users/leandroalmeida/Library/Developer/Xcode/DerivedData/SwiftTranscriptionSampleApp-crspgurtfqzlqnfnzshbqfekzabt/Build/Intermediates.noindex/SwiftTranscriptionSampleApp.build/Debug/SwiftTranscriptionSampleApp.build/SwiftTranscriptionSampleApp-DebugDylibInstallName-normal-arm64.txt (in target 'SwiftTranscriptionSampleApp' from project 'SwiftTranscriptionSampleApp')
    cd /Users/leandroalmeida/Marcação_Cirúrgica
    write-file /Users/leandroalmeida/Library/Developer/Xcode/DerivedData/SwiftTranscriptionSampleApp-crspgurtfqzlqnfnzshbqfekzabt/Build/Intermediates.noindex/SwiftTranscriptionSampleApp.build/Debug/SwiftTranscriptionSampleApp.build/SwiftTranscriptionSampleApp-DebugDylibInstallName-normal-arm64.txt

WriteAuxiliaryFile /Users/leandroalmeida/Library/Developer/Xcode/DerivedData/SwiftTranscriptionSampleApp-crspgurtfqzlqnfnzshbqfekzabt/Build/Intermediates.noindex/SwiftTranscriptionSampleApp.build/Debug/SwiftTranscriptionSampleApp.build/Objects-normal/arm64/SwiftTranscriptionSampleApp.SwiftFileList (in target 'SwiftTranscriptionSampleApp' from project 'SwiftTranscriptionSampleApp')
    cd /Users/leandroalmeida/Marcação_Cirúrgica
    write-file /Users/leandroalmeida/Library/Developer/Xcode/DerivedData/SwiftTranscriptionSampleApp-crspgurtfqzlqnfnzshbqfekzabt/Build/Intermediates.noindex/SwiftTranscriptionSampleApp.build/Debug/SwiftTranscriptionSampleApp.build/Objects-normal/arm64/SwiftTranscriptionSampleApp.SwiftFileList

WriteAuxiliaryFile /Users/leandroalmeida/Library/Developer/Xcode/DerivedData/SwiftTranscriptionSampleApp-crspgurtfqzlqnfnzshbqfekzabt/Build/Intermediates.noindex/SwiftTranscriptionSampleApp.build/Debug/SwiftTranscriptionSampleApp.build/Objects-normal/arm64/SwiftTranscriptionSampleApp_const_extract_protocols.json (in target 'SwiftTranscriptionSampleApp' from project 'SwiftTranscriptionSampleApp')
    cd /Users/leandroalmeida/Marcação_Cirúrgica
    write-file /Users/leandroalmeida/Library/Developer/Xcode/DerivedData/SwiftTranscriptionSampleApp-crspgurtfqzlqnfnzshbqfekzabt/Build/Intermediates.noindex/SwiftTranscriptionSampleApp.build/Debug/SwiftTranscriptionSampleApp.build/Objects-normal/arm64/SwiftTranscriptionSampleApp_const_extract_protocols.json

WriteAuxiliaryFile /Users/leandroalmeida/Library/Developer/Xcode/DerivedData/SwiftTranscriptionSampleApp-crspgurtfqzlqnfnzshbqfekzabt/Build/Intermediates.noindex/SwiftTranscriptionSampleApp.build/Debug/SwiftTranscriptionSampleApp.build/Objects-normal/arm64/SwiftTranscriptionSampleApp.SwiftConstValuesFileList (in target 'SwiftTranscriptionSampleApp' from project 'SwiftTranscriptionSampleApp')
    cd /Users/leandroalmeida/Marcação_Cirúrgica
    write-file /Users/leandroalmeida/Library/Developer/Xcode/DerivedData/SwiftTranscriptionSampleApp-crspgurtfqzlqnfnzshbqfekzabt/Build/Intermediates.noindex/SwiftTranscriptionSampleApp.build/Debug/SwiftTranscriptionSampleApp.build/Objects-normal/arm64/SwiftTranscriptionSampleApp.SwiftConstValuesFileList

WriteAuxiliaryFile /Users/leandroalmeida/Library/Developer/Xcode/DerivedData/SwiftTranscriptionSampleApp-crspgurtfqzlqnfnzshbqfekzabt/Build/Intermediates.noindex/SwiftTranscriptionSampleApp.build/Debug/SwiftTranscriptionSampleApp.build/Objects-normal/arm64/SwiftTranscriptionSampleApp.LinkFileList (in target 'SwiftTranscriptionSampleApp' from project 'SwiftTranscriptionSampleApp')
    cd /Users/leandroalmeida/Marcação_Cirúrgica
    write-file /Users/leandroalmeida/Library/Developer/Xcode/DerivedData/SwiftTranscriptionSampleApp-crspgurtfqzlqnfnzshbqfekzabt/Build/Intermediates.noindex/SwiftTranscriptionSampleApp.build/Debug/SwiftTranscriptionSampleApp.build/Objects-normal/arm64/SwiftTranscriptionSampleApp.LinkFileList

WriteAuxiliaryFile /Users/leandroalmeida/Library/Developer/Xcode/DerivedData/SwiftTranscriptionSampleApp-crspgurtfqzlqnfnzshbqfekzabt/Build/Intermediates.noindex/SwiftTranscriptionSampleApp.build/Debug/SwiftTranscriptionSampleApp.build/Objects-normal/arm64/SwiftTranscriptionSampleApp-OutputFileMap.json (in target 'SwiftTranscriptionSampleApp' from project 'SwiftTranscriptionSampleApp')
    cd /Users/leandroalmeida/Marcação_Cirúrgica
    write-file /Users/leandroalmeida/Library/Developer/Xcode/DerivedData/SwiftTranscriptionSampleApp-crspgurtfqzlqnfnzshbqfekzabt/Build/Intermediates.noindex/SwiftTranscriptionSampleApp.build/Debug/SwiftTranscriptionSampleApp.build/Objects-normal/arm64/SwiftTranscriptionSampleApp-OutputFileMap.json

WriteAuxiliaryFile /Users/leandroalmeida/Library/Developer/Xcode/DerivedData/SwiftTranscriptionSampleApp-crspgurtfqzlqnfnzshbqfekzabt/Build/Intermediates.noindex/SwiftTranscriptionSampleApp.build/Debug/SwiftTranscriptionSampleApp.build/DerivedSources/Entitlements.plist (in target 'SwiftTranscriptionSampleApp' from project 'SwiftTranscriptionSampleApp')
    cd /Users/leandroalmeida/Marcação_Cirúrgica
    write-file /Users/leandroalmeida/Library/Developer/Xcode/DerivedData/SwiftTranscriptionSampleApp-crspgurtfqzlqnfnzshbqfekzabt/Build/Intermediates.noindex/SwiftTranscriptionSampleApp.build/Debug/SwiftTranscriptionSampleApp.build/DerivedSources/Entitlements.plist

MkDir /Users/leandroalmeida/Library/Developer/Xcode/DerivedData/SwiftTranscriptionSampleApp-crspgurtfqzlqnfnzshbqfekzabt/Build/Products/Debug/SwiftTranscriptionSampleApp.app/Contents/Resources (in target 'SwiftTranscriptionSampleApp' from project 'SwiftTranscriptionSampleApp')
    cd /Users/leandroalmeida/Marcação_Cirúrgica
    /bin/mkdir -p /Users/leandroalmeida/Library/Developer/Xcode/DerivedData/SwiftTranscriptionSampleApp-crspgurtfqzlqnfnzshbqfekzabt/Build/Products/Debug/SwiftTranscriptionSampleApp.app/Contents/Resources

MkDir /Users/leandroalmeida/Library/Developer/Xcode/DerivedData/SwiftTranscriptionSampleApp-crspgurtfqzlqnfnzshbqfekzabt/Build/Products/Debug/SwiftTranscriptionSampleApp.app/Contents/MacOS (in target 'SwiftTranscriptionSampleApp' from project 'SwiftTranscriptionSampleApp')
    cd /Users/leandroalmeida/Marcação_Cirúrgica
    /bin/mkdir -p /Users/leandroalmeida/Library/Developer/Xcode/DerivedData/SwiftTranscriptionSampleApp-crspgurtfqzlqnfnzshbqfekzabt/Build/Products/Debug/SwiftTranscriptionSampleApp.app/Contents/MacOS

MkDir /Users/leandroalmeida/Library/Developer/Xcode/DerivedData/SwiftTranscriptionSampleApp-crspgurtfqzlqnfnzshbqfekzabt/Build/Products/Debug/SwiftTranscriptionSampleApp.app/Contents (in target 'SwiftTranscriptionSampleApp' from project 'SwiftTranscriptionSampleApp')
    cd /Users/leandroalmeida/Marcação_Cirúrgica
    /bin/mkdir -p /Users/leandroalmeida/Library/Developer/Xcode/DerivedData/SwiftTranscriptionSampleApp-crspgurtfqzlqnfnzshbqfekzabt/Build/Products/Debug/SwiftTranscriptionSampleApp.app/Contents

MkDir /Users/leandroalmeida/Library/Developer/Xcode/DerivedData/SwiftTranscriptionSampleApp-crspgurtfqzlqnfnzshbqfekzabt/Build/Products/Debug/SwiftTranscriptionSampleApp.app (in target 'SwiftTranscriptionSampleApp' from project 'SwiftTranscriptionSampleApp')
    cd /Users/leandroalmeida/Marcação_Cirúrgica
    /bin/mkdir -p /Users/leandroalmeida/Library/Developer/Xcode/DerivedData/SwiftTranscriptionSampleApp-crspgurtfqzlqnfnzshbqfekzabt/Build/Products/Debug/SwiftTranscriptionSampleApp.app

ProcessProductPackaging /Users/leandroalmeida/Marcação_Cirúrgica/SwiftTranscriptionSampleApp/SwiftTranscriptionSampleApp.entitlements /Users/leandroalmeida/Library/Developer/Xcode/DerivedData/SwiftTranscriptionSampleApp-crspgurtfqzlqnfnzshbqfekzabt/Build/Intermediates.noindex/SwiftTranscriptionSampleApp.build/Debug/SwiftTranscriptionSampleApp.build/SwiftTranscriptionSampleApp.app.xcent (in target 'SwiftTranscriptionSampleApp' from project 'SwiftTranscriptionSampleApp')
    cd /Users/leandroalmeida/Marcação_Cirúrgica
    
    Entitlements:
    
    {
    "com.apple.security.app-sandbox" = 1;
    "com.apple.security.device.audio-input" = 1;
    "com.apple.security.device.bluetooth" = 1;
    "com.apple.security.files.user-selected.read-only" = 1;
    "com.apple.security.get-task-allow" = 1;
}
    
    builtin-productPackagingUtility /Users/leandroalmeida/Marcação_Cirúrgica/SwiftTranscriptionSampleApp/SwiftTranscriptionSampleApp.entitlements -entitlements -format xml -o /Users/leandroalmeida/Library/Developer/Xcode/DerivedData/SwiftTranscriptionSampleApp-crspgurtfqzlqnfnzshbqfekzabt/Build/Intermediates.noindex/SwiftTranscriptionSampleApp.build/Debug/SwiftTranscriptionSampleApp.build/SwiftTranscriptionSampleApp.app.xcent

ProcessProductPackagingDER /Users/leandroalmeida/Library/Developer/Xcode/DerivedData/SwiftTranscriptionSampleApp-crspgurtfqzlqnfnzshbqfekzabt/Build/Intermediates.noindex/SwiftTranscriptionSampleApp.build/Debug/SwiftTranscriptionSampleApp.build/SwiftTranscriptionSampleApp.app.xcent /Users/leandroalmeida/Library/Developer/Xcode/DerivedData/SwiftTranscriptionSampleApp-crspgurtfqzlqnfnzshbqfekzabt/Build/Intermediates.noindex/SwiftTranscriptionSampleApp.build/Debug/SwiftTranscriptionSampleApp.build/SwiftTranscriptionSampleApp.app.xcent.der (in target 'SwiftTranscriptionSampleApp' from project 'SwiftTranscriptionSampleApp')
    cd /Users/leandroalmeida/Marcação_Cirúrgica
    /usr/bin/derq query -f xml -i /Users/leandroalmeida/Library/Developer/Xcode/DerivedData/SwiftTranscriptionSampleApp-crspgurtfqzlqnfnzshbqfekzabt/Build/Intermediates.noindex/SwiftTranscriptionSampleApp.build/Debug/SwiftTranscriptionSampleApp.build/SwiftTranscriptionSampleApp.app.xcent -o /Users/leandroalmeida/Library/Developer/Xcode/DerivedData/SwiftTranscriptionSampleApp-crspgurtfqzlqnfnzshbqfekzabt/Build/Intermediates.noindex/SwiftTranscriptionSampleApp.build/Debug/SwiftTranscriptionSampleApp.build/SwiftTranscriptionSampleApp.app.xcent.der --raw

Ld /Users/leandroalmeida/Library/Developer/Xcode/DerivedData/SwiftTranscriptionSampleApp-crspgurtfqzlqnfnzshbqfekzabt/Build/Products/Debug/SwiftTranscriptionSampleApp.app/Contents/MacOS/__preview.dylib normal (in target 'SwiftTranscriptionSampleApp' from project 'SwiftTranscriptionSampleApp')
    cd /Users/leandroalmeida/Marcação_Cirúrgica
    /Applications/Xcode.app/Contents/Developer/Toolchains/XcodeDefault.xctoolchain/usr/bin/clang -Xlinker -reproducible -target arm64-apple-macos26.0 -dynamiclib -isysroot /Applications/Xcode.app/Contents/Developer/Platforms/MacOSX.platform/Developer/SDKs/MacOSX26.0.sdk -O0 -L/Users/leandroalmeida/Library/Developer/Xcode/DerivedData/SwiftTranscriptionSampleApp-crspgurtfqzlqnfnzshbqfekzabt/Build/Products/Debug -F/Users/leandroalmeida/Library/Developer/Xcode/DerivedData/SwiftTranscriptionSampleApp-crspgurtfqzlqnfnzshbqfekzabt/Build/Products/Debug -install_name @rpath/SwiftTranscriptionSampleApp.debug.dylib -dead_strip -rdynamic -Xlinker -no_deduplicate -Xlinker -dependency_info -Xlinker /Users/leandroalmeida/Library/Developer/Xcode/DerivedData/SwiftTranscriptionSampleApp-crspgurtfqzlqnfnzshbqfekzabt/Build/Intermediates.noindex/SwiftTranscriptionSampleApp.build/Debug/SwiftTranscriptionSampleApp.build/Objects-normal/arm64/SwiftTranscriptionSampleApp_dependency_info.dat -Xlinker -no_adhoc_codesign -o /Users/leandroalmeida/Library/Developer/Xcode/DerivedData/SwiftTranscriptionSampleApp-crspgurtfqzlqnfnzshbqfekzabt/Build/Products/Debug/SwiftTranscriptionSampleApp.app/Contents/MacOS/__preview.dylib

MkDir /Users/leandroalmeida/Library/Developer/Xcode/DerivedData/SwiftTranscriptionSampleApp-crspgurtfqzlqnfnzshbqfekzabt/Build/Intermediates.noindex/SwiftTranscriptionSampleApp.build/Debug/SwiftTranscriptionSampleApp.build/assetcatalog_output/thinned (in target 'SwiftTranscriptionSampleApp' from project 'SwiftTranscriptionSampleApp')
    cd /Users/leandroalmeida/Marcação_Cirúrgica
    /bin/mkdir -p /Users/leandroalmeida/Library/Developer/Xcode/DerivedData/SwiftTranscriptionSampleApp-crspgurtfqzlqnfnzshbqfekzabt/Build/Intermediates.noindex/SwiftTranscriptionSampleApp.build/Debug/SwiftTranscriptionSampleApp.build/assetcatalog_output/thinned

MkDir /Users/leandroalmeida/Library/Developer/Xcode/DerivedData/SwiftTranscriptionSampleApp-crspgurtfqzlqnfnzshbqfekzabt/Build/Intermediates.noindex/SwiftTranscriptionSampleApp.build/Debug/SwiftTranscriptionSampleApp.build/assetcatalog_output/unthinned (in target 'SwiftTranscriptionSampleApp' from project 'SwiftTranscriptionSampleApp')
    cd /Users/leandroalmeida/Marcação_Cirúrgica
    /bin/mkdir -p /Users/leandroalmeida/Library/Developer/Xcode/DerivedData/SwiftTranscriptionSampleApp-crspgurtfqzlqnfnzshbqfekzabt/Build/Intermediates.noindex/SwiftTranscriptionSampleApp.build/Debug/SwiftTranscriptionSampleApp.build/assetcatalog_output/unthinned

GenerateAssetSymbols /Users/leandroalmeida/Marcação_Cirúrgica/SwiftTranscriptionSampleApp/Helpers/Assets.xcassets (in target 'SwiftTranscriptionSampleApp' from project 'SwiftTranscriptionSampleApp')
    cd /Users/leandroalmeida/Marcação_Cirúrgica
    /Applications/Xcode.app/Contents/Developer/usr/bin/actool /Users/leandroalmeida/Marcação_Cirúrgica/SwiftTranscriptionSampleApp/Helpers/Assets.xcassets --compile /Users/leandroalmeida/Library/Developer/Xcode/DerivedData/SwiftTranscriptionSampleApp-crspgurtfqzlqnfnzshbqfekzabt/Build/Products/Debug/SwiftTranscriptionSampleApp.app/Contents/Resources --output-format human-readable-text --notices --warnings --export-dependency-info /Users/leandroalmeida/Library/Developer/Xcode/DerivedData/SwiftTranscriptionSampleApp-crspgurtfqzlqnfnzshbqfekzabt/Build/Intermediates.noindex/SwiftTranscriptionSampleApp.build/Debug/SwiftTranscriptionSampleApp.build/assetcatalog_dependencies --output-partial-info-plist /Users/leandroalmeida/Library/Developer/Xcode/DerivedData/SwiftTranscriptionSampleApp-crspgurtfqzlqnfnzshbqfekzabt/Build/Intermediates.noindex/SwiftTranscriptionSampleApp.build/Debug/SwiftTranscriptionSampleApp.build/assetcatalog_generated_info.plist --app-icon AppIcon --accent-color AccentColor --enable-on-demand-resources NO --development-region en --target-device mac --minimum-deployment-target 26.0 --platform macosx --bundle-identifier com.example.apple-samplecode.SwiftTranscriptionSampleApp --generate-swift-asset-symbols /Users/leandroalmeida/Library/Developer/Xcode/DerivedData/SwiftTranscriptionSampleApp-crspgurtfqzlqnfnzshbqfekzabt/Build/Intermediates.noindex/SwiftTranscriptionSampleApp.build/Debug/SwiftTranscriptionSampleApp.build/DerivedSources/GeneratedAssetSymbols.swift --generate-objc-asset-symbols /Users/leandroalmeida/Library/Developer/Xcode/DerivedData/SwiftTranscriptionSampleApp-crspgurtfqzlqnfnzshbqfekzabt/Build/Intermediates.noindex/SwiftTranscriptionSampleApp.build/Debug/SwiftTranscriptionSampleApp.build/DerivedSources/GeneratedAssetSymbols.h --generate-asset-symbol-index /Users/leandroalmeida/Library/Developer/Xcode/DerivedData/SwiftTranscriptionSampleApp-crspgurtfqzlqnfnzshbqfekzabt/Build/Intermediates.noindex/SwiftTranscriptionSampleApp.build/Debug/SwiftTranscriptionSampleApp.build/DerivedSources/GeneratedAssetSymbols-Index.plist
/* com.apple.actool.compilation-results */
/Users/leandroalmeida/Library/Developer/Xcode/DerivedData/SwiftTranscriptionSampleApp-crspgurtfqzlqnfnzshbqfekzabt/Build/Intermediates.noindex/SwiftTranscriptionSampleApp.build/Debug/SwiftTranscriptionSampleApp.build/DerivedSources/GeneratedAssetSymbols-Index.plist
/Users/leandroalmeida/Library/Developer/Xcode/DerivedData/SwiftTranscriptionSampleApp-crspgurtfqzlqnfnzshbqfekzabt/Build/Intermediates.noindex/SwiftTranscriptionSampleApp.build/Debug/SwiftTranscriptionSampleApp.build/DerivedSources/GeneratedAssetSymbols.h
/Users/leandroalmeida/Library/Developer/Xcode/DerivedData/SwiftTranscriptionSampleApp-crspgurtfqzlqnfnzshbqfekzabt/Build/Intermediates.noindex/SwiftTranscriptionSampleApp.build/Debug/SwiftTranscriptionSampleApp.build/DerivedSources/GeneratedAssetSymbols.swift


CpResource /Users/leandroalmeida/Library/Developer/Xcode/DerivedData/SwiftTranscriptionSampleApp-crspgurtfqzlqnfnzshbqfekzabt/Build/Products/Debug/SwiftTranscriptionSampleApp.app/Contents/Resources/procedures.json /Users/leandroalmeida/Marcação_Cirúrgica/SwiftTranscriptionSampleApp/Resources/KnowledgeBase/procedures.json (in target 'SwiftTranscriptionSampleApp' from project 'SwiftTranscriptionSampleApp')
    cd /Users/leandroalmeida/Marcação_Cirúrgica
    builtin-copy -exclude .DS_Store -exclude CVS -exclude .svn -exclude .git -exclude .hg -resolve-src-symlinks /Users/leandroalmeida/Marcação_Cirúrgica/SwiftTranscriptionSampleApp/Resources/KnowledgeBase/procedures.json /Users/leandroalmeida/Library/Developer/Xcode/DerivedData/SwiftTranscriptionSampleApp-crspgurtfqzlqnfnzshbqfekzabt/Build/Products/Debug/SwiftTranscriptionSampleApp.app/Contents/Resources

CpResource /Users/leandroalmeida/Library/Developer/Xcode/DerivedData/SwiftTranscriptionSampleApp-crspgurtfqzlqnfnzshbqfekzabt/Build/Products/Debug/SwiftTranscriptionSampleApp.app/Contents/Resources/surgeons.json /Users/leandroalmeida/Marcação_Cirúrgica/SwiftTranscriptionSampleApp/Resources/KnowledgeBase/surgeons.json (in target 'SwiftTranscriptionSampleApp' from project 'SwiftTranscriptionSampleApp')
    cd /Users/leandroalmeida/Marcação_Cirúrgica
    builtin-copy -exclude .DS_Store -exclude CVS -exclude .svn -exclude .git -exclude .hg -resolve-src-symlinks /Users/leandroalmeida/Marcação_Cirúrgica/SwiftTranscriptionSampleApp/Resources/KnowledgeBase/surgeons.json /Users/leandroalmeida/Library/Developer/Xcode/DerivedData/SwiftTranscriptionSampleApp-crspgurtfqzlqnfnzshbqfekzabt/Build/Products/Debug/SwiftTranscriptionSampleApp.app/Contents/Resources

CpResource /Users/leandroalmeida/Library/Developer/Xcode/DerivedData/SwiftTranscriptionSampleApp-crspgurtfqzlqnfnzshbqfekzabt/Build/Products/Debug/SwiftTranscriptionSampleApp.app/Contents/Resources/abbreviations.json /Users/leandroalmeida/Marcação_Cirúrgica/SwiftTranscriptionSampleApp/Resources/KnowledgeBase/abbreviations.json (in target 'SwiftTranscriptionSampleApp' from project 'SwiftTranscriptionSampleApp')
    cd /Users/leandroalmeida/Marcação_Cirúrgica
    builtin-copy -exclude .DS_Store -exclude CVS -exclude .svn -exclude .git -exclude .hg -resolve-src-symlinks /Users/leandroalmeida/Marcação_Cirúrgica/SwiftTranscriptionSampleApp/Resources/KnowledgeBase/abbreviations.json /Users/leandroalmeida/Library/Developer/Xcode/DerivedData/SwiftTranscriptionSampleApp-crspgurtfqzlqnfnzshbqfekzabt/Build/Products/Debug/SwiftTranscriptionSampleApp.app/Contents/Resources

CopyPlistFile /Users/leandroalmeida/Library/Developer/Xcode/DerivedData/SwiftTranscriptionSampleApp-crspgurtfqzlqnfnzshbqfekzabt/Build/Products/Debug/SwiftTranscriptionSampleApp.app/Contents/Resources/SwiftTranscriptionSampleApp-Info.plist /Users/leandroalmeida/Marcação_Cirúrgica/SwiftTranscriptionSampleApp/SwiftTranscriptionSampleApp-Info.plist (in target 'SwiftTranscriptionSampleApp' from project 'SwiftTranscriptionSampleApp')
    cd /Users/leandroalmeida/Marcação_Cirúrgica
    builtin-copyPlist --outdir /Users/leandroalmeida/Library/Developer/Xcode/DerivedData/SwiftTranscriptionSampleApp-crspgurtfqzlqnfnzshbqfekzabt/Build/Products/Debug/SwiftTranscriptionSampleApp.app/Contents/Resources -- /Users/leandroalmeida/Marcação_Cirúrgica/SwiftTranscriptionSampleApp/SwiftTranscriptionSampleApp-Info.plist

CompileAssetCatalogVariant thinned /Users/leandroalmeida/Library/Developer/Xcode/DerivedData/SwiftTranscriptionSampleApp-crspgurtfqzlqnfnzshbqfekzabt/Build/Products/Debug/SwiftTranscriptionSampleApp.app/Contents/Resources /Users/leandroalmeida/Marcação_Cirúrgica/SwiftTranscriptionSampleApp/Helpers/Assets.xcassets (in target 'SwiftTranscriptionSampleApp' from project 'SwiftTranscriptionSampleApp')
    cd /Users/leandroalmeida/Marcação_Cirúrgica
    /Applications/Xcode.app/Contents/Developer/usr/bin/actool /Users/leandroalmeida/Marcação_Cirúrgica/SwiftTranscriptionSampleApp/Helpers/Assets.xcassets --compile /Users/leandroalmeida/Library/Developer/Xcode/DerivedData/SwiftTranscriptionSampleApp-crspgurtfqzlqnfnzshbqfekzabt/Build/Intermediates.noindex/SwiftTranscriptionSampleApp.build/Debug/SwiftTranscriptionSampleApp.build/assetcatalog_output/thinned --output-format human-readable-text --notices --warnings --export-dependency-info /Users/leandroalmeida/Library/Developer/Xcode/DerivedData/SwiftTranscriptionSampleApp-crspgurtfqzlqnfnzshbqfekzabt/Build/Intermediates.noindex/SwiftTranscriptionSampleApp.build/Debug/SwiftTranscriptionSampleApp.build/assetcatalog_dependencies_thinned --output-partial-info-plist /Users/leandroalmeida/Library/Developer/Xcode/DerivedData/SwiftTranscriptionSampleApp-crspgurtfqzlqnfnzshbqfekzabt/Build/Intermediates.noindex/SwiftTranscriptionSampleApp.build/Debug/SwiftTranscriptionSampleApp.build/assetcatalog_generated_info.plist_thinned --app-icon AppIcon --accent-color AccentColor --enable-on-demand-resources NO --development-region en --target-device mac --minimum-deployment-target 26.0 --platform macosx
/* com.apple.actool.compilation-results */
/Users/leandroalmeida/Library/Developer/Xcode/DerivedData/SwiftTranscriptionSampleApp-crspgurtfqzlqnfnzshbqfekzabt/Build/Intermediates.noindex/SwiftTranscriptionSampleApp.build/Debug/SwiftTranscriptionSampleApp.build/assetcatalog_generated_info.plist_thinned
/Users/leandroalmeida/Library/Developer/Xcode/DerivedData/SwiftTranscriptionSampleApp-crspgurtfqzlqnfnzshbqfekzabt/Build/Intermediates.noindex/SwiftTranscriptionSampleApp.build/Debug/SwiftTranscriptionSampleApp.build/assetcatalog_output/thinned/Assets.car


LinkAssetCatalog /Users/leandroalmeida/Marcação_Cirúrgica/SwiftTranscriptionSampleApp/Helpers/Assets.xcassets (in target 'SwiftTranscriptionSampleApp' from project 'SwiftTranscriptionSampleApp')
    cd /Users/leandroalmeida/Marcação_Cirúrgica
    builtin-linkAssetCatalog --thinned /Users/leandroalmeida/Library/Developer/Xcode/DerivedData/SwiftTranscriptionSampleApp-crspgurtfqzlqnfnzshbqfekzabt/Build/Intermediates.noindex/SwiftTranscriptionSampleApp.build/Debug/SwiftTranscriptionSampleApp.build/assetcatalog_output/thinned --thinned-dependencies /Users/leandroalmeida/Library/Developer/Xcode/DerivedData/SwiftTranscriptionSampleApp-crspgurtfqzlqnfnzshbqfekzabt/Build/Intermediates.noindex/SwiftTranscriptionSampleApp.build/Debug/SwiftTranscriptionSampleApp.build/assetcatalog_dependencies_thinned --thinned-info-plist-content /Users/leandroalmeida/Library/Developer/Xcode/DerivedData/SwiftTranscriptionSampleApp-crspgurtfqzlqnfnzshbqfekzabt/Build/Intermediates.noindex/SwiftTranscriptionSampleApp.build/Debug/SwiftTranscriptionSampleApp.build/assetcatalog_generated_info.plist_thinned --unthinned /Users/leandroalmeida/Library/Developer/Xcode/DerivedData/SwiftTranscriptionSampleApp-crspgurtfqzlqnfnzshbqfekzabt/Build/Intermediates.noindex/SwiftTranscriptionSampleApp.build/Debug/SwiftTranscriptionSampleApp.build/assetcatalog_output/unthinned --unthinned-dependencies /Users/leandroalmeida/Library/Developer/Xcode/DerivedData/SwiftTranscriptionSampleApp-crspgurtfqzlqnfnzshbqfekzabt/Build/Intermediates.noindex/SwiftTranscriptionSampleApp.build/Debug/SwiftTranscriptionSampleApp.build/assetcatalog_dependencies_unthinned --unthinned-info-plist-content /Users/leandroalmeida/Library/Developer/Xcode/DerivedData/SwiftTranscriptionSampleApp-crspgurtfqzlqnfnzshbqfekzabt/Build/Intermediates.noindex/SwiftTranscriptionSampleApp.build/Debug/SwiftTranscriptionSampleApp.build/assetcatalog_generated_info.plist_unthinned --output /Users/leandroalmeida/Library/Developer/Xcode/DerivedData/SwiftTranscriptionSampleApp-crspgurtfqzlqnfnzshbqfekzabt/Build/Products/Debug/SwiftTranscriptionSampleApp.app/Contents/Resources --plist-output /Users/leandroalmeida/Library/Developer/Xcode/DerivedData/SwiftTranscriptionSampleApp-crspgurtfqzlqnfnzshbqfekzabt/Build/Intermediates.noindex/SwiftTranscriptionSampleApp.build/Debug/SwiftTranscriptionSampleApp.build/assetcatalog_generated_info.plist
note: Emplaced /Users/leandroalmeida/Library/Developer/Xcode/DerivedData/SwiftTranscriptionSampleApp-crspgurtfqzlqnfnzshbqfekzabt/Build/Products/Debug/SwiftTranscriptionSampleApp.app/Contents/Resources/Assets.car (in target 'SwiftTranscriptionSampleApp' from project 'SwiftTranscriptionSampleApp')

ProcessInfoPlistFile /Users/leandroalmeida/Library/Developer/Xcode/DerivedData/SwiftTranscriptionSampleApp-crspgurtfqzlqnfnzshbqfekzabt/Build/Products/Debug/SwiftTranscriptionSampleApp.app/Contents/Info.plist /Users/leandroalmeida/Library/Developer/Xcode/DerivedData/SwiftTranscriptionSampleApp-crspgurtfqzlqnfnzshbqfekzabt/Build/Intermediates.noindex/SwiftTranscriptionSampleApp.build/Debug/SwiftTranscriptionSampleApp.build/empty-SwiftTranscriptionSampleApp.plist (in target 'SwiftTranscriptionSampleApp' from project 'SwiftTranscriptionSampleApp')
    cd /Users/leandroalmeida/Marcação_Cirúrgica
    builtin-infoPlistUtility /Users/leandroalmeida/Library/Developer/Xcode/DerivedData/SwiftTranscriptionSampleApp-crspgurtfqzlqnfnzshbqfekzabt/Build/Intermediates.noindex/SwiftTranscriptionSampleApp.build/Debug/SwiftTranscriptionSampleApp.build/empty-SwiftTranscriptionSampleApp.plist -producttype com.apple.product-type.application -genpkginfo /Users/leandroalmeida/Library/Developer/Xcode/DerivedData/SwiftTranscriptionSampleApp-crspgurtfqzlqnfnzshbqfekzabt/Build/Products/Debug/SwiftTranscriptionSampleApp.app/Contents/PkgInfo -expandbuildsettings -platform macosx -additionalcontentfile /Users/leandroalmeida/Library/Developer/Xcode/DerivedData/SwiftTranscriptionSampleApp-crspgurtfqzlqnfnzshbqfekzabt/Build/Intermediates.noindex/SwiftTranscriptionSampleApp.build/Debug/SwiftTranscriptionSampleApp.build/assetcatalog_generated_info.plist -o /Users/leandroalmeida/Library/Developer/Xcode/DerivedData/SwiftTranscriptionSampleApp-crspgurtfqzlqnfnzshbqfekzabt/Build/Products/Debug/SwiftTranscriptionSampleApp.app/Contents/Info.plist

SwiftDriver SwiftTranscriptionSampleApp normal arm64 com.apple.xcode.tools.swift.compiler (in target 'SwiftTranscriptionSampleApp' from project 'SwiftTranscriptionSampleApp')
    cd /Users/leandroalmeida/Marcação_Cirúrgica
    builtin-SwiftDriver -- /Applications/Xcode.app/Contents/Developer/Toolchains/XcodeDefault.xctoolchain/usr/bin/swiftc -module-name SwiftTranscriptionSampleApp -Onone -enforce-exclusivity\=checked @/Users/leandroalmeida/Library/Developer/Xcode/DerivedData/SwiftTranscriptionSampleApp-crspgurtfqzlqnfnzshbqfekzabt/Build/Intermediates.noindex/SwiftTranscriptionSampleApp.build/Debug/SwiftTranscriptionSampleApp.build/Objects-normal/arm64/SwiftTranscriptionSampleApp.SwiftFileList -DDEBUG -enable-experimental-feature DebugDescriptionMacro -sdk /Applications/Xcode.app/Contents/Developer/Platforms/MacOSX.platform/Developer/SDKs/MacOSX26.0.sdk -target arm64-apple-macos26.0 -g -module-cache-path /Users/leandroalmeida/Library/Developer/Xcode/DerivedData/ModuleCache.noindex -Xfrontend -serialize-debugging-options -enable-testing -index-store-path /Users/leandroalmeida/Library/Developer/Xcode/DerivedData/SwiftTranscriptionSampleApp-crspgurtfqzlqnfnzshbqfekzabt/Index.noindex/DataStore -Xcc -D_LIBCPP_HARDENING_MODE\=_LIBCPP_HARDENING_MODE_DEBUG -swift-version 6 -I /Users/leandroalmeida/Library/Developer/Xcode/DerivedData/SwiftTranscriptionSampleApp-crspgurtfqzlqnfnzshbqfekzabt/Build/Products/Debug -F /Users/leandroalmeida/Library/Developer/Xcode/DerivedData/SwiftTranscriptionSampleApp-crspgurtfqzlqnfnzshbqfekzabt/Build/Products/Debug -emit-localized-strings -emit-localized-strings-path /Users/leandroalmeida/Library/Developer/Xcode/DerivedData/SwiftTranscriptionSampleApp-crspgurtfqzlqnfnzshbqfekzabt/Build/Intermediates.noindex/SwiftTranscriptionSampleApp.build/Debug/SwiftTranscriptionSampleApp.build/Objects-normal/arm64 -c -j8 -enable-batch-mode -incremental -Xcc -ivfsstatcache -Xcc /Users/leandroalmeida/Library/Developer/Xcode/DerivedData/SDKStatCaches.noindex/macosx26.0-25A352-3885c01c3e6b6a337905948deab2002e28806144b0707e398aac92880fa50324.sdkstatcache -output-file-map /Users/leandroalmeida/Library/Developer/Xcode/DerivedData/SwiftTranscriptionSampleApp-crspgurtfqzlqnfnzshbqfekzabt/Build/Intermediates.noindex/SwiftTranscriptionSampleApp.build/Debug/SwiftTranscriptionSampleApp.build/Objects-normal/arm64/SwiftTranscriptionSampleApp-OutputFileMap.json -use-frontend-parseable-output -save-temps -no-color-diagnostics -explicit-module-build -module-cache-path /Users/leandroalmeida/Library/Developer/Xcode/DerivedData/SwiftTranscriptionSampleApp-crspgurtfqzlqnfnzshbqfekzabt/Build/Intermediates.noindex/SwiftExplicitPrecompiledModules -clang-scanner-module-cache-path /Users/leandroalmeida/Library/Developer/Xcode/DerivedData/ModuleCache.noindex -sdk-module-cache-path /Users/leandroalmeida/Library/Developer/Xcode/DerivedData/ModuleCache.noindex -serialize-diagnostics -emit-dependencies -emit-module -emit-module-path /Users/leandroalmeida/Library/Developer/Xcode/DerivedData/SwiftTranscriptionSampleApp-crspgurtfqzlqnfnzshbqfekzabt/Build/Intermediates.noindex/SwiftTranscriptionSampleApp.build/Debug/SwiftTranscriptionSampleApp.build/Objects-normal/arm64/SwiftTranscriptionSampleApp.swiftmodule -validate-clang-modules-once -clang-build-session-file /Users/leandroalmeida/Library/Developer/Xcode/DerivedData/ModuleCache.noindex/Session.modulevalidation -Xcc -I/Users/leandroalmeida/Library/Developer/Xcode/DerivedData/SwiftTranscriptionSampleApp-crspgurtfqzlqnfnzshbqfekzabt/Build/Intermediates.noindex/SwiftTranscriptionSampleApp.build/Debug/SwiftTranscriptionSampleApp.build/swift-overrides.hmap -emit-const-values -Xfrontend -const-gather-protocols-file -Xfrontend /Users/leandroalmeida/Library/Developer/Xcode/DerivedData/SwiftTranscriptionSampleApp-crspgurtfqzlqnfnzshbqfekzabt/Build/Intermediates.noindex/SwiftTranscriptionSampleApp.build/Debug/SwiftTranscriptionSampleApp.build/Objects-normal/arm64/SwiftTranscriptionSampleApp_const_extract_protocols.json -Xcc -iquote -Xcc /Users/leandroalmeida/Library/Developer/Xcode/DerivedData/SwiftTranscriptionSampleApp-crspgurtfqzlqnfnzshbqfekzabt/Build/Intermediates.noindex/SwiftTranscriptionSampleApp.build/Debug/SwiftTranscriptionSampleApp.build/SwiftTranscriptionSampleApp-generated-files.hmap -Xcc -I/Users/leandroalmeida/Library/Developer/Xcode/DerivedData/SwiftTranscriptionSampleApp-crspgurtfqzlqnfnzshbqfekzabt/Build/Intermediates.noindex/SwiftTranscriptionSampleApp.build/Debug/SwiftTranscriptionSampleApp.build/SwiftTranscriptionSampleApp-own-target-headers.hmap -Xcc -I/Users/leandroalmeida/Library/Developer/Xcode/DerivedData/SwiftTranscriptionSampleApp-crspgurtfqzlqnfnzshbqfekzabt/Build/Intermediates.noindex/SwiftTranscriptionSampleApp.build/Debug/SwiftTranscriptionSampleApp.build/SwiftTranscriptionSampleApp-all-target-headers.hmap -Xcc -iquote -Xcc /Users/leandroalmeida/Library/Developer/Xcode/DerivedData/SwiftTranscriptionSampleApp-crspgurtfqzlqnfnzshbqfekzabt/Build/Intermediates.noindex/SwiftTranscriptionSampleApp.build/Debug/SwiftTranscriptionSampleApp.build/SwiftTranscriptionSampleApp-project-headers.hmap -Xcc -I/Users/leandroalmeida/Library/Developer/Xcode/DerivedData/SwiftTranscriptionSampleApp-crspgurtfqzlqnfnzshbqfekzabt/Build/Products/Debug/include -Xcc -I/Users/leandroalmeida/Library/Developer/Xcode/DerivedData/SwiftTranscriptionSampleApp-crspgurtfqzlqnfnzshbqfekzabt/Build/Intermediates.noindex/SwiftTranscriptionSampleApp.build/Debug/SwiftTranscriptionSampleApp.build/DerivedSources-normal/arm64 -Xcc -I/Users/leandroalmeida/Library/Developer/Xcode/DerivedData/SwiftTranscriptionSampleApp-crspgurtfqzlqnfnzshbqfekzabt/Build/Intermediates.noindex/SwiftTranscriptionSampleApp.build/Debug/SwiftTranscriptionSampleApp.build/DerivedSources/arm64 -Xcc -I/Users/leandroalmeida/Library/Developer/Xcode/DerivedData/SwiftTranscriptionSampleApp-crspgurtfqzlqnfnzshbqfekzabt/Build/Intermediates.noindex/SwiftTranscriptionSampleApp.build/Debug/SwiftTranscriptionSampleApp.build/DerivedSources -Xcc -DDEBUG\=1 -emit-objc-header -emit-objc-header-path /Users/leandroalmeida/Library/Developer/Xcode/DerivedData/SwiftTranscriptionSampleApp-crspgurtfqzlqnfnzshbqfekzabt/Build/Intermediates.noindex/SwiftTranscriptionSampleApp.build/Debug/SwiftTranscriptionSampleApp.build/Objects-normal/arm64/SwiftTranscriptionSampleApp-Swift.h -working-directory /Users/leandroalmeida/Marcação_Cirúrgica -experimental-emit-module-separately -disable-cmo
/Users/leandroalmeida/Marcação_Cirúrgica/SwiftTranscriptionSampleApp/Helpers/FormExporter.swift:2:8: error: Unable to find module dependency: 'UIKit'
import UIKit
       ^ (in target 'SwiftTranscriptionSampleApp' from project 'SwiftTranscriptionSampleApp')
/Users/leandroalmeida/Marcação_Cirúrgica/SwiftTranscriptionSampleApp/Helpers/FormExporter.swift:2:8: note: A dependency of main module 'SwiftTranscriptionSampleApp'
import UIKit
       ^ (in target 'SwiftTranscriptionSampleApp' from project 'SwiftTranscriptionSampleApp')
/Users/leandroalmeida/Marcação_Cirúrgica/SwiftTranscriptionSampleApp/Views/FormPreviewView.swift:2:8: note: Also imported here
import UIKit
       ^ (in target 'SwiftTranscriptionSampleApp' from project 'SwiftTranscriptionSampleApp')

SwiftDriver\ Compilation\ Requirements SwiftTranscriptionSampleApp normal arm64 com.apple.xcode.tools.swift.compiler (in target 'SwiftTranscriptionSampleApp' from project 'SwiftTranscriptionSampleApp')
    cd /Users/leandroalmeida/Marcação_Cirúrgica
    builtin-Swift-Compilation-Requirements -- /Applications/Xcode.app/Contents/Developer/Toolchains/XcodeDefault.xctoolchain/usr/bin/swiftc -module-name SwiftTranscriptionSampleApp -Onone -enforce-exclusivity\=checked @/Users/leandroalmeida/Library/Developer/Xcode/DerivedData/SwiftTranscriptionSampleApp-crspgurtfqzlqnfnzshbqfekzabt/Build/Intermediates.noindex/SwiftTranscriptionSampleApp.build/Debug/SwiftTranscriptionSampleApp.build/Objects-normal/arm64/SwiftTranscriptionSampleApp.SwiftFileList -DDEBUG -enable-experimental-feature DebugDescriptionMacro -sdk /Applications/Xcode.app/Contents/Developer/Platforms/MacOSX.platform/Developer/SDKs/MacOSX26.0.sdk -target arm64-apple-macos26.0 -g -module-cache-path /Users/leandroalmeida/Library/Developer/Xcode/DerivedData/ModuleCache.noindex -Xfrontend -serialize-debugging-options -enable-testing -index-store-path /Users/leandroalmeida/Library/Developer/Xcode/DerivedData/SwiftTranscriptionSampleApp-crspgurtfqzlqnfnzshbqfekzabt/Index.noindex/DataStore -Xcc -D_LIBCPP_HARDENING_MODE\=_LIBCPP_HARDENING_MODE_DEBUG -swift-version 6 -I /Users/leandroalmeida/Library/Developer/Xcode/DerivedData/SwiftTranscriptionSampleApp-crspgurtfqzlqnfnzshbqfekzabt/Build/Products/Debug -F /Users/leandroalmeida/Library/Developer/Xcode/DerivedData/SwiftTranscriptionSampleApp-crspgurtfqzlqnfnzshbqfekzabt/Build/Products/Debug -emit-localized-strings -emit-localized-strings-path /Users/leandroalmeida/Library/Developer/Xcode/DerivedData/SwiftTranscriptionSampleApp-crspgurtfqzlqnfnzshbqfekzabt/Build/Intermediates.noindex/SwiftTranscriptionSampleApp.build/Debug/SwiftTranscriptionSampleApp.build/Objects-normal/arm64 -c -j8 -enable-batch-mode -incremental -Xcc -ivfsstatcache -Xcc /Users/leandroalmeida/Library/Developer/Xcode/DerivedData/SDKStatCaches.noindex/macosx26.0-25A352-3885c01c3e6b6a337905948deab2002e28806144b0707e398aac92880fa50324.sdkstatcache -output-file-map /Users/leandroalmeida/Library/Developer/Xcode/DerivedData/SwiftTranscriptionSampleApp-crspgurtfqzlqnfnzshbqfekzabt/Build/Intermediates.noindex/SwiftTranscriptionSampleApp.build/Debug/SwiftTranscriptionSampleApp.build/Objects-normal/arm64/SwiftTranscriptionSampleApp-OutputFileMap.json -use-frontend-parseable-output -save-temps -no-color-diagnostics -explicit-module-build -module-cache-path /Users/leandroalmeida/Library/Developer/Xcode/DerivedData/SwiftTranscriptionSampleApp-crspgurtfqzlqnfnzshbqfekzabt/Build/Intermediates.noindex/SwiftExplicitPrecompiledModules -clang-scanner-module-cache-path /Users/leandroalmeida/Library/Developer/Xcode/DerivedData/ModuleCache.noindex -sdk-module-cache-path /Users/leandroalmeida/Library/Developer/Xcode/DerivedData/ModuleCache.noindex -serialize-diagnostics -emit-dependencies -emit-module -emit-module-path /Users/leandroalmeida/Library/Developer/Xcode/DerivedData/SwiftTranscriptionSampleApp-crspgurtfqzlqnfnzshbqfekzabt/Build/Intermediates.noindex/SwiftTranscriptionSampleApp.build/Debug/SwiftTranscriptionSampleApp.build/Objects-normal/arm64/SwiftTranscriptionSampleApp.swiftmodule -validate-clang-modules-once -clang-build-session-file /Users/leandroalmeida/Library/Developer/Xcode/DerivedData/ModuleCache.noindex/Session.modulevalidation -Xcc -I/Users/leandroalmeida/Library/Developer/Xcode/DerivedData/SwiftTranscriptionSampleApp-crspgurtfqzlqnfnzshbqfekzabt/Build/Intermediates.noindex/SwiftTranscriptionSampleApp.build/Debug/SwiftTranscriptionSampleApp.build/swift-overrides.hmap -emit-const-values -Xfrontend -const-gather-protocols-file -Xfrontend /Users/leandroalmeida/Library/Developer/Xcode/DerivedData/SwiftTranscriptionSampleApp-crspgurtfqzlqnfnzshbqfekzabt/Build/Intermediates.noindex/SwiftTranscriptionSampleApp.build/Debug/SwiftTranscriptionSampleApp.build/Objects-normal/arm64/SwiftTranscriptionSampleApp_const_extract_protocols.json -Xcc -iquote -Xcc /Users/leandroalmeida/Library/Developer/Xcode/DerivedData/SwiftTranscriptionSampleApp-crspgurtfqzlqnfnzshbqfekzabt/Build/Intermediates.noindex/SwiftTranscriptionSampleApp.build/Debug/SwiftTranscriptionSampleApp.build/SwiftTranscriptionSampleApp-generated-files.hmap -Xcc -I/Users/leandroalmeida/Library/Developer/Xcode/DerivedData/SwiftTranscriptionSampleApp-crspgurtfqzlqnfnzshbqfekzabt/Build/Intermediates.noindex/SwiftTranscriptionSampleApp.build/Debug/SwiftTranscriptionSampleApp.build/SwiftTranscriptionSampleApp-own-target-headers.hmap -Xcc -I/Users/leandroalmeida/Library/Developer/Xcode/DerivedData/SwiftTranscriptionSampleApp-crspgurtfqzlqnfnzshbqfekzabt/Build/Intermediates.noindex/SwiftTranscriptionSampleApp.build/Debug/SwiftTranscriptionSampleApp.build/SwiftTranscriptionSampleApp-all-target-headers.hmap -Xcc -iquote -Xcc /Users/leandroalmeida/Library/Developer/Xcode/DerivedData/SwiftTranscriptionSampleApp-crspgurtfqzlqnfnzshbqfekzabt/Build/Intermediates.noindex/SwiftTranscriptionSampleApp.build/Debug/SwiftTranscriptionSampleApp.build/SwiftTranscriptionSampleApp-project-headers.hmap -Xcc -I/Users/leandroalmeida/Library/Developer/Xcode/DerivedData/SwiftTranscriptionSampleApp-crspgurtfqzlqnfnzshbqfekzabt/Build/Products/Debug/include -Xcc -I/Users/leandroalmeida/Library/Developer/Xcode/DerivedData/SwiftTranscriptionSampleApp-crspgurtfqzlqnfnzshbqfekzabt/Build/Intermediates.noindex/SwiftTranscriptionSampleApp.build/Debug/SwiftTranscriptionSampleApp.build/DerivedSources-normal/arm64 -Xcc -I/Users/leandroalmeida/Library/Developer/Xcode/DerivedData/SwiftTranscriptionSampleApp-crspgurtfqzlqnfnzshbqfekzabt/Build/Intermediates.noindex/SwiftTranscriptionSampleApp.build/Debug/SwiftTranscriptionSampleApp.build/DerivedSources/arm64 -Xcc -I/Users/leandroalmeida/Library/Developer/Xcode/DerivedData/SwiftTranscriptionSampleApp-crspgurtfqzlqnfnzshbqfekzabt/Build/Intermediates.noindex/SwiftTranscriptionSampleApp.build/Debug/SwiftTranscriptionSampleApp.build/DerivedSources -Xcc -DDEBUG\=1 -emit-objc-header -emit-objc-header-path /Users/leandroalmeida/Library/Developer/Xcode/DerivedData/SwiftTranscriptionSampleApp-crspgurtfqzlqnfnzshbqfekzabt/Build/Intermediates.noindex/SwiftTranscriptionSampleApp.build/Debug/SwiftTranscriptionSampleApp.build/Objects-normal/arm64/SwiftTranscriptionSampleApp-Swift.h -working-directory /Users/leandroalmeida/Marcação_Cirúrgica -experimental-emit-module-separately -disable-cmo

SwiftDriver\ Compilation SwiftTranscriptionSampleApp normal arm64 com.apple.xcode.tools.swift.compiler (in target 'SwiftTranscriptionSampleApp' from project 'SwiftTranscriptionSampleApp')
    cd /Users/leandroalmeida/Marcação_Cirúrgica
    builtin-Swift-Compilation -- /Applications/Xcode.app/Contents/Developer/Toolchains/XcodeDefault.xctoolchain/usr/bin/swiftc -module-name SwiftTranscriptionSampleApp -Onone -enforce-exclusivity\=checked @/Users/leandroalmeida/Library/Developer/Xcode/DerivedData/SwiftTranscriptionSampleApp-crspgurtfqzlqnfnzshbqfekzabt/Build/Intermediates.noindex/SwiftTranscriptionSampleApp.build/Debug/SwiftTranscriptionSampleApp.build/Objects-normal/arm64/SwiftTranscriptionSampleApp.SwiftFileList -DDEBUG -enable-experimental-feature DebugDescriptionMacro -sdk /Applications/Xcode.app/Contents/Developer/Platforms/MacOSX.platform/Developer/SDKs/MacOSX26.0.sdk -target arm64-apple-macos26.0 -g -module-cache-path /Users/leandroalmeida/Library/Developer/Xcode/DerivedData/ModuleCache.noindex -Xfrontend -serialize-debugging-options -enable-testing -index-store-path /Users/leandroalmeida/Library/Developer/Xcode/DerivedData/SwiftTranscriptionSampleApp-crspgurtfqzlqnfnzshbqfekzabt/Index.noindex/DataStore -Xcc -D_LIBCPP_HARDENING_MODE\=_LIBCPP_HARDENING_MODE_DEBUG -swift-version 6 -I /Users/leandroalmeida/Library/Developer/Xcode/DerivedData/SwiftTranscriptionSampleApp-crspgurtfqzlqnfnzshbqfekzabt/Build/Products/Debug -F /Users/leandroalmeida/Library/Developer/Xcode/DerivedData/SwiftTranscriptionSampleApp-crspgurtfqzlqnfnzshbqfekzabt/Build/Products/Debug -emit-localized-strings -emit-localized-strings-path /Users/leandroalmeida/Library/Developer/Xcode/DerivedData/SwiftTranscriptionSampleApp-crspgurtfqzlqnfnzshbqfekzabt/Build/Intermediates.noindex/SwiftTranscriptionSampleApp.build/Debug/SwiftTranscriptionSampleApp.build/Objects-normal/arm64 -c -j8 -enable-batch-mode -incremental -Xcc -ivfsstatcache -Xcc /Users/leandroalmeida/Library/Developer/Xcode/DerivedData/SDKStatCaches.noindex/macosx26.0-25A352-3885c01c3e6b6a337905948deab2002e28806144b0707e398aac92880fa50324.sdkstatcache -output-file-map /Users/leandroalmeida/Library/Developer/Xcode/DerivedData/SwiftTranscriptionSampleApp-crspgurtfqzlqnfnzshbqfekzabt/Build/Intermediates.noindex/SwiftTranscriptionSampleApp.build/Debug/SwiftTranscriptionSampleApp.build/Objects-normal/arm64/SwiftTranscriptionSampleApp-OutputFileMap.json -use-frontend-parseable-output -save-temps -no-color-diagnostics -explicit-module-build -module-cache-path /Users/leandroalmeida/Library/Developer/Xcode/DerivedData/SwiftTranscriptionSampleApp-crspgurtfqzlqnfnzshbqfekzabt/Build/Intermediates.noindex/SwiftExplicitPrecompiledModules -clang-scanner-module-cache-path /Users/leandroalmeida/Library/Developer/Xcode/DerivedData/ModuleCache.noindex -sdk-module-cache-path /Users/leandroalmeida/Library/Developer/Xcode/DerivedData/ModuleCache.noindex -serialize-diagnostics -emit-dependencies -emit-module -emit-module-path /Users/leandroalmeida/Library/Developer/Xcode/DerivedData/SwiftTranscriptionSampleApp-crspgurtfqzlqnfnzshbqfekzabt/Build/Intermediates.noindex/SwiftTranscriptionSampleApp.build/Debug/SwiftTranscriptionSampleApp.build/Objects-normal/arm64/SwiftTranscriptionSampleApp.swiftmodule -validate-clang-modules-once -clang-build-session-file /Users/leandroalmeida/Library/Developer/Xcode/DerivedData/ModuleCache.noindex/Session.modulevalidation -Xcc -I/Users/leandroalmeida/Library/Developer/Xcode/DerivedData/SwiftTranscriptionSampleApp-crspgurtfqzlqnfnzshbqfekzabt/Build/Intermediates.noindex/SwiftTranscriptionSampleApp.build/Debug/SwiftTranscriptionSampleApp.build/swift-overrides.hmap -emit-const-values -Xfrontend -const-gather-protocols-file -Xfrontend /Users/leandroalmeida/Library/Developer/Xcode/DerivedData/SwiftTranscriptionSampleApp-crspgurtfqzlqnfnzshbqfekzabt/Build/Intermediates.noindex/SwiftTranscriptionSampleApp.build/Debug/SwiftTranscriptionSampleApp.build/Objects-normal/arm64/SwiftTranscriptionSampleApp_const_extract_protocols.json -Xcc -iquote -Xcc /Users/leandroalmeida/Library/Developer/Xcode/DerivedData/SwiftTranscriptionSampleApp-crspgurtfqzlqnfnzshbqfekzabt/Build/Intermediates.noindex/SwiftTranscriptionSampleApp.build/Debug/SwiftTranscriptionSampleApp.build/SwiftTranscriptionSampleApp-generated-files.hmap -Xcc -I/Users/leandroalmeida/Library/Developer/Xcode/DerivedData/SwiftTranscriptionSampleApp-crspgurtfqzlqnfnzshbqfekzabt/Build/Intermediates.noindex/SwiftTranscriptionSampleApp.build/Debug/SwiftTranscriptionSampleApp.build/SwiftTranscriptionSampleApp-own-target-headers.hmap -Xcc -I/Users/leandroalmeida/Library/Developer/Xcode/DerivedData/SwiftTranscriptionSampleApp-crspgurtfqzlqnfnzshbqfekzabt/Build/Intermediates.noindex/SwiftTranscriptionSampleApp.build/Debug/SwiftTranscriptionSampleApp.build/SwiftTranscriptionSampleApp-all-target-headers.hmap -Xcc -iquote -Xcc /Users/leandroalmeida/Library/Developer/Xcode/DerivedData/SwiftTranscriptionSampleApp-crspgurtfqzlqnfnzshbqfekzabt/Build/Intermediates.noindex/SwiftTranscriptionSampleApp.build/Debug/SwiftTranscriptionSampleApp.build/SwiftTranscriptionSampleApp-project-headers.hmap -Xcc -I/Users/leandroalmeida/Library/Developer/Xcode/DerivedData/SwiftTranscriptionSampleApp-crspgurtfqzlqnfnzshbqfekzabt/Build/Products/Debug/include -Xcc -I/Users/leandroalmeida/Library/Developer/Xcode/DerivedData/SwiftTranscriptionSampleApp-crspgurtfqzlqnfnzshbqfekzabt/Build/Intermediates.noindex/SwiftTranscriptionSampleApp.build/Debug/SwiftTranscriptionSampleApp.build/DerivedSources-normal/arm64 -Xcc -I/Users/leandroalmeida/Library/Developer/Xcode/DerivedData/SwiftTranscriptionSampleApp-crspgurtfqzlqnfnzshbqfekzabt/Build/Intermediates.noindex/SwiftTranscriptionSampleApp.build/Debug/SwiftTranscriptionSampleApp.build/DerivedSources/arm64 -Xcc -I/Users/leandroalmeida/Library/Developer/Xcode/DerivedData/SwiftTranscriptionSampleApp-crspgurtfqzlqnfnzshbqfekzabt/Build/Intermediates.noindex/SwiftTranscriptionSampleApp.build/Debug/SwiftTranscriptionSampleApp.build/DerivedSources -Xcc -DDEBUG\=1 -emit-objc-header -emit-objc-header-path /Users/leandroalmeida/Library/Developer/Xcode/DerivedData/SwiftTranscriptionSampleApp-crspgurtfqzlqnfnzshbqfekzabt/Build/Intermediates.noindex/SwiftTranscriptionSampleApp.build/Debug/SwiftTranscriptionSampleApp.build/Objects-normal/arm64/SwiftTranscriptionSampleApp-Swift.h -working-directory /Users/leandroalmeida/Marcação_Cirúrgica -experimental-emit-module-separately -disable-cmo

Copy /Users/leandroalmeida/Library/Developer/Xcode/DerivedData/SwiftTranscriptionSampleApp-crspgurtfqzlqnfnzshbqfekzabt/Build/Products/Debug/SwiftTranscriptionSampleApp.swiftmodule/arm64-apple-macos.swiftdoc /Users/leandroalmeida/Library/Developer/Xcode/DerivedData/SwiftTranscriptionSampleApp-crspgurtfqzlqnfnzshbqfekzabt/Build/Intermediates.noindex/SwiftTranscriptionSampleApp.build/Debug/SwiftTranscriptionSampleApp.build/Objects-normal/arm64/SwiftTranscriptionSampleApp.swiftdoc (in target 'SwiftTranscriptionSampleApp' from project 'SwiftTranscriptionSampleApp')
    cd /Users/leandroalmeida/Marcação_Cirúrgica
    builtin-copy -exclude .DS_Store -exclude CVS -exclude .svn -exclude .git -exclude .hg -resolve-src-symlinks -rename /Users/leandroalmeida/Library/Developer/Xcode/DerivedData/SwiftTranscriptionSampleApp-crspgurtfqzlqnfnzshbqfekzabt/Build/Intermediates.noindex/SwiftTranscriptionSampleApp.build/Debug/SwiftTranscriptionSampleApp.build/Objects-normal/arm64/SwiftTranscriptionSampleApp.swiftdoc /Users/leandroalmeida/Library/Developer/Xcode/DerivedData/SwiftTranscriptionSampleApp-crspgurtfqzlqnfnzshbqfekzabt/Build/Products/Debug/SwiftTranscriptionSampleApp.swiftmodule/arm64-apple-macos.swiftdoc
error: lstat(/Users/leandroalmeida/Library/Developer/Xcode/DerivedData/SwiftTranscriptionSampleApp-crspgurtfqzlqnfnzshbqfekzabt/Build/Intermediates.noindex/SwiftTranscriptionSampleApp.build/Debug/SwiftTranscriptionSampleApp.build/Objects-normal/arm64/SwiftTranscriptionSampleApp.swiftdoc): No such file or directory (2) (in target 'SwiftTranscriptionSampleApp' from project 'SwiftTranscriptionSampleApp')

Copy /Users/leandroalmeida/Library/Developer/Xcode/DerivedData/SwiftTranscriptionSampleApp-crspgurtfqzlqnfnzshbqfekzabt/Build/Products/Debug/SwiftTranscriptionSampleApp.swiftmodule/arm64-apple-macos.swiftmodule /Users/leandroalmeida/Library/Developer/Xcode/DerivedData/SwiftTranscriptionSampleApp-crspgurtfqzlqnfnzshbqfekzabt/Build/Intermediates.noindex/SwiftTranscriptionSampleApp.build/Debug/SwiftTranscriptionSampleApp.build/Objects-normal/arm64/SwiftTranscriptionSampleApp.swiftmodule (in target 'SwiftTranscriptionSampleApp' from project 'SwiftTranscriptionSampleApp')
    cd /Users/leandroalmeida/Marcação_Cirúrgica
    builtin-copy -exclude .DS_Store -exclude CVS -exclude .svn -exclude .git -exclude .hg -resolve-src-symlinks -rename /Users/leandroalmeida/Library/Developer/Xcode/DerivedData/SwiftTranscriptionSampleApp-crspgurtfqzlqnfnzshbqfekzabt/Build/Intermediates.noindex/SwiftTranscriptionSampleApp.build/Debug/SwiftTranscriptionSampleApp.build/Objects-normal/arm64/SwiftTranscriptionSampleApp.swiftmodule /Users/leandroalmeida/Library/Developer/Xcode/DerivedData/SwiftTranscriptionSampleApp-crspgurtfqzlqnfnzshbqfekzabt/Build/Products/Debug/SwiftTranscriptionSampleApp.swiftmodule/arm64-apple-macos.swiftmodule
error: lstat(/Users/leandroalmeida/Library/Developer/Xcode/DerivedData/SwiftTranscriptionSampleApp-crspgurtfqzlqnfnzshbqfekzabt/Build/Intermediates.noindex/SwiftTranscriptionSampleApp.build/Debug/SwiftTranscriptionSampleApp.build/Objects-normal/arm64/SwiftTranscriptionSampleApp.swiftmodule): No such file or directory (2) (in target 'SwiftTranscriptionSampleApp' from project 'SwiftTranscriptionSampleApp')

Copy /Users/leandroalmeida/Library/Developer/Xcode/DerivedData/SwiftTranscriptionSampleApp-crspgurtfqzlqnfnzshbqfekzabt/Build/Products/Debug/SwiftTranscriptionSampleApp.swiftmodule/arm64-apple-macos.abi.json /Users/leandroalmeida/Library/Developer/Xcode/DerivedData/SwiftTranscriptionSampleApp-crspgurtfqzlqnfnzshbqfekzabt/Build/Intermediates.noindex/SwiftTranscriptionSampleApp.build/Debug/SwiftTranscriptionSampleApp.build/Objects-normal/arm64/SwiftTranscriptionSampleApp.abi.json (in target 'SwiftTranscriptionSampleApp' from project 'SwiftTranscriptionSampleApp')
    cd /Users/leandroalmeida/Marcação_Cirúrgica
    builtin-copy -exclude .DS_Store -exclude CVS -exclude .svn -exclude .git -exclude .hg -resolve-src-symlinks -rename /Users/leandroalmeida/Library/Developer/Xcode/DerivedData/SwiftTranscriptionSampleApp-crspgurtfqzlqnfnzshbqfekzabt/Build/Intermediates.noindex/SwiftTranscriptionSampleApp.build/Debug/SwiftTranscriptionSampleApp.build/Objects-normal/arm64/SwiftTranscriptionSampleApp.abi.json /Users/leandroalmeida/Library/Developer/Xcode/DerivedData/SwiftTranscriptionSampleApp-crspgurtfqzlqnfnzshbqfekzabt/Build/Products/Debug/SwiftTranscriptionSampleApp.swiftmodule/arm64-apple-macos.abi.json
error: lstat(/Users/leandroalmeida/Library/Developer/Xcode/DerivedData/SwiftTranscriptionSampleApp-crspgurtfqzlqnfnzshbqfekzabt/Build/Intermediates.noindex/SwiftTranscriptionSampleApp.build/Debug/SwiftTranscriptionSampleApp.build/Objects-normal/arm64/SwiftTranscriptionSampleApp.abi.json): No such file or directory (2) (in target 'SwiftTranscriptionSampleApp' from project 'SwiftTranscriptionSampleApp')

Copy /Users/leandroalmeida/Library/Developer/Xcode/DerivedData/SwiftTranscriptionSampleApp-crspgurtfqzlqnfnzshbqfekzabt/Build/Products/Debug/SwiftTranscriptionSampleApp.swiftmodule/Project/arm64-apple-macos.swiftsourceinfo /Users/leandroalmeida/Library/Developer/Xcode/DerivedData/SwiftTranscriptionSampleApp-crspgurtfqzlqnfnzshbqfekzabt/Build/Intermediates.noindex/SwiftTranscriptionSampleApp.build/Debug/SwiftTranscriptionSampleApp.build/Objects-normal/arm64/SwiftTranscriptionSampleApp.swiftsourceinfo (in target 'SwiftTranscriptionSampleApp' from project 'SwiftTranscriptionSampleApp')
    cd /Users/leandroalmeida/Marcação_Cirúrgica
    builtin-copy -exclude .DS_Store -exclude CVS -exclude .svn -exclude .git -exclude .hg -resolve-src-symlinks -rename /Users/leandroalmeida/Library/Developer/Xcode/DerivedData/SwiftTranscriptionSampleApp-crspgurtfqzlqnfnzshbqfekzabt/Build/Intermediates.noindex/SwiftTranscriptionSampleApp.build/Debug/SwiftTranscriptionSampleApp.build/Objects-normal/arm64/SwiftTranscriptionSampleApp.swiftsourceinfo /Users/leandroalmeida/Library/Developer/Xcode/DerivedData/SwiftTranscriptionSampleApp-crspgurtfqzlqnfnzshbqfekzabt/Build/Products/Debug/SwiftTranscriptionSampleApp.swiftmodule/Project/arm64-apple-macos.swiftsourceinfo
error: lstat(/Users/leandroalmeida/Library/Developer/Xcode/DerivedData/SwiftTranscriptionSampleApp-crspgurtfqzlqnfnzshbqfekzabt/Build/Intermediates.noindex/SwiftTranscriptionSampleApp.build/Debug/SwiftTranscriptionSampleApp.build/Objects-normal/arm64/SwiftTranscriptionSampleApp.swiftsourceinfo): No such file or directory (2) (in target 'SwiftTranscriptionSampleApp' from project 'SwiftTranscriptionSampleApp')

RegisterExecutionPolicyException /Users/leandroalmeida/Library/Developer/Xcode/DerivedData/SwiftTranscriptionSampleApp-crspgurtfqzlqnfnzshbqfekzabt/Build/Products/Debug/SwiftTranscriptionSampleApp.app (in target 'SwiftTranscriptionSampleApp' from project 'SwiftTranscriptionSampleApp')
    cd /Users/leandroalmeida/Marcação_Cirúrgica
    builtin-RegisterExecutionPolicyException /Users/leandroalmeida/Library/Developer/Xcode/DerivedData/SwiftTranscriptionSampleApp-crspgurtfqzlqnfnzshbqfekzabt/Build/Products/Debug/SwiftTranscriptionSampleApp.app

Touch /Users/leandroalmeida/Library/Developer/Xcode/DerivedData/SwiftTranscriptionSampleApp-crspgurtfqzlqnfnzshbqfekzabt/Build/Products/Debug/SwiftTranscriptionSampleApp.app (in target 'SwiftTranscriptionSampleApp' from project 'SwiftTranscriptionSampleApp')
    cd /Users/leandroalmeida/Marcação_Cirúrgica
    /usr/bin/touch -c /Users/leandroalmeida/Library/Developer/Xcode/DerivedData/SwiftTranscriptionSampleApp-crspgurtfqzlqnfnzshbqfekzabt/Build/Products/Debug/SwiftTranscriptionSampleApp.app

